<?xml version="1.0" encoding="utf-8"?>
<test-results date="2018-10-22" name="Expecto.Tests" total="8" errors="0" failures="0" ignored="0" not-run="0" inconclusive="0" skipped="0" invalid="0" time="13:44:13">
  <environment expecto-version="8.4.3" clr-version="4.0.30319.42000" os-version="Microsoft Windows NT 6.2.9200.0" platform="Linux" cwd="C:\Repositories\FisherSMPD\src\Server.Tests" machine-name="DIT385" user="Dominik.Kotecki" user-domain="ROSSPOL" />
  <culture-info current-culture="pl-PL" current-uiculture="pl-PL" />
  <test-suite type="Assembly" name="Expecto.Tests" executed="True" result="Success" success="True" time="0.863" asserts="0">
    <results>
      <test-case name="Probability/getPossibleCombinations/Test combinations" executed="True" result="Success" success="True" time="0.026" asserts="0" />
      <test-case name="Fisher/F/test2" executed="True" result="Success" success="True" time="0.023" asserts="0" />
      <test-case name="Fisher/F/test1" executed="True" result="Success" success="True" time="0.023" asserts="0" />
      <test-case name="Fisher/S/sa" executed="True" result="Success" success="True" time="0.060" asserts="0" />
      <test-case name="Fisher/average vector/Test1" executed="True" result="Success" success="True" time="0.060" asserts="0" />
      <test-case name="Database/load file/Test1" executed="True" result="Success" success="True" time="0.360" asserts="0" />
      <test-case name="Service/getFisherFactor/Test for two dimension" executed="True" result="Success" success="True" time="0.360" asserts="0" />
      <test-case name="Service/getFisherFactor/Test for one dimension" executed="True" result="Success" success="True" time="0.796" asserts="0" />
    </results>
  </test-suite>
</test-results>