<?xml version="1.0" encoding="utf-8"?>
<test-results date="2018-10-22" name="Expecto.Tests" total="8" errors="0" failures="1" ignored="0" not-run="0" inconclusive="0" skipped="0" invalid="0" time="20:19:00">
  <environment expecto-version="8.4.3" clr-version="4.0.30319.42000" os-version="Unix 4.15.0.36" platform="Linux" cwd="/home/dominik/Projects/FisherSMPD/src/Server.Tests" machine-name="dominik-Aspire-VN7-592G" user="dominik" user-domain="dominik-Aspire-VN7-592G" />
  <culture-info current-culture="en-US" current-uiculture="en-US" />
  <test-suite type="Assembly" name="Expecto.Tests" executed="True" result="Failure" success="False" time="0.723" asserts="0">
    <results>
      <test-case name="Service/getFisherFactor/Test for two dimension" executed="True" result="Failure" success="False" time="0.417" asserts="0">
        <failure>
          <message>
. Actual value was [] but had expected it to be [(46, 285)].
  C:\Users\Anthony Lloyd\src\expecto\Expecto\Expect.fs(287,1): Expecto.Expect.equal@287-8.Invoke(String x)
</message>
        </failure>
      </test-case>
      <test-case name="Probability/getPossibleCombinations/Test combinations" executed="True" result="Success" success="True" time="0.028" asserts="0" />
      <test-case name="Fisher/F/test2" executed="True" result="Success" success="True" time="0.023" asserts="0" />
      <test-case name="Fisher/F/test1" executed="True" result="Success" success="True" time="0.023" asserts="0" />
      <test-case name="Fisher/S/sa" executed="True" result="Success" success="True" time="0.060" asserts="0" />
      <test-case name="Fisher/average vector/Test1" executed="True" result="Success" success="True" time="0.060" asserts="0" />
      <test-case name="Database/load file/Test1" executed="True" result="Success" success="True" time="0.306" asserts="0" />
      <test-case name="Service/getFisherFactor/Test for one dimension" executed="True" result="Success" success="True" time="0.662" asserts="0" />
    </results>
  </test-suite>
</test-results>