<?xml version="1.0" encoding="utf-8"?>
<test-results date="2018-10-23" name="Expecto.Tests" total="8" errors="0" failures="2" ignored="0" not-run="0" inconclusive="0" skipped="0" invalid="0" time="15:38:34">
  <environment expecto-version="8.4.3" clr-version="4.0.30319.42000" os-version="Microsoft Windows NT 6.2.9200.0" platform="Linux" cwd="C:\Repositories\FisherSMPD\src\Server.Tests" machine-name="DIT385" user="Dominik.Kotecki" user-domain="ROSSPOL" />
  <culture-info current-culture="pl-PL" current-uiculture="pl-PL" />
  <test-suite type="Assembly" name="Expecto.Tests" executed="True" result="Failure" success="False" time="627.789" asserts="0">
    <results>
      <test-case name="Fisher/S/sa" executed="True" result="Failure" success="False" time="0.486" asserts="0">
        <failure>
          <message>
.
        Expected value was:
        [0] [|1.0; 1.0|]
	[1] [|1.0; 1.0|]
        Actual value (may be incomplete) was:
        [0] [|2.0; 2.0|]
	[1] [|2.0; 2.0|]
        Sequence does not match at position 0. Expected item: [|1.0; 1.0|], but got [|2.0; 2.0|].
  C:\Users\Anthony Lloyd\src\expecto\Expecto\Expect.fs(526,1): Expecto.Expect.sequenceEqual@526.Invoke(String x)
</message>
        </failure>
      </test-case>
      <test-case name="Service/getFisherFactor/Test for two dimension" executed="True" result="Failure" success="False" time="627.654" asserts="0">
        <failure>
          <message>
. Actual value was [(19, 4); (57, 37)] but had expected it to be [(46, 285)].
  C:\Users\Anthony Lloyd\src\expecto\Expecto\Expect.fs(287,1): Expecto.Expect.equal@287-8.Invoke(String x)
</message>
        </failure>
      </test-case>
      <test-case name="Fisher/F/test2" executed="True" result="Success" success="True" time="0.150" asserts="0" />
      <test-case name="Probability/getPossibleCombinations/Test combinations" executed="True" result="Success" success="True" time="0.208" asserts="0" />
      <test-case name="Fisher/F/test1" executed="True" result="Success" success="True" time="0.150" asserts="0" />
      <test-case name="Fisher/average vector/Test1" executed="True" result="Success" success="True" time="0.244" asserts="0" />
      <test-case name="Database/load file/Test1" executed="True" result="Success" success="True" time="4.822" asserts="0" />
      <test-case name="Service/getFisherFactor/Test for one dimension" executed="True" result="Success" success="True" time="23.449" asserts="0" />
    </results>
  </test-suite>
</test-results>