<?xml version="1.0" encoding="utf-8"?>
<test-results date="2018-10-31" name="Expecto.Tests" total="12" errors="0" failures="1" ignored="0" not-run="0" inconclusive="0" skipped="0" invalid="0" time="14:52:06">
  <environment expecto-version="8.4.3" clr-version="4.0.30319.42000" os-version="Microsoft Windows NT 6.2.9200.0" platform="Linux" cwd="C:\Repositories\FisherSMPD\src\Server.Tests" machine-name="DIT385" user="Dominik.Kotecki" user-domain="ROSSPOL" />
  <culture-info current-culture="pl-PL" current-uiculture="pl-PL" />
  <test-suite type="Assembly" name="Expecto.Tests" executed="True" result="Failure" success="False" time="0.990" asserts="0">
    <results>
      <test-case name="Service/sfs/Test for two dimension" executed="True" result="Failure" success="False" time="0.795" asserts="0">
        <failure>
          <message>
. Expected difference to be less than 67458.992997 for accuracy {absolute=0.000001; relative=0.001000}, but was 30043623.226422. actual=37415369.769533 expected=67458992.995955
  C:\Users\Anthony Lloyd\src\expecto\Expecto\Expect.fs(163,1): Expecto.Expect.floatClose@163-2.Invoke(String x)
</message>
        </failure>
      </test-case>
      <test-case name="Fisher/F/test2" executed="True" result="Success" success="True" time="0.020" asserts="0" />
      <test-case name="Fisher/F/test1" executed="True" result="Success" success="True" time="0.020" asserts="0" />
      <test-case name="Fisher/sfs/combinations/get possible combinations 3 dim of 4" executed="True" result="Success" success="True" time="0.024" asserts="0" />
      <test-case name="Fisher/sfs/combinations/get possible combinations 2 dim of 4" executed="True" result="Success" success="True" time="0.024" asserts="0" />
      <test-case name="Fisher/S/sa" executed="True" result="Success" success="True" time="0.060" asserts="0" />
      <test-case name="Fisher/average vector/Test1" executed="True" result="Success" success="True" time="0.055" asserts="0" />
      <test-case name="Probability/getPossibleCombinations/Test combinations" executed="True" result="Success" success="True" time="0.000" asserts="0" />
      <test-case name="Database/load file/Test1" executed="True" result="Success" success="True" time="0.584" asserts="0" />
      <test-case name="Service/sfs/Test for one dimension" executed="True" result="Success" success="True" time="0.720" asserts="0" />
      <test-case name="Service/getFisherFactor/Test for one dimension" executed="True" result="Success" success="True" time="0.720" asserts="0" />
      <test-case name="Service/getFisherFactor/Test for two dimension" executed="True" result="Success" success="True" time="0.934" asserts="0" />
    </results>
  </test-suite>
</test-results>