<?xml version="1.0" encoding="utf-8"?>
<test-results date="2018-10-16" name="Expecto.Tests" total="3" errors="0" failures="0" ignored="0" not-run="0" inconclusive="0" skipped="0" invalid="0" time="22:46:11">
  <environment expecto-version="8.4.2" clr-version="4.0.30319.42000" os-version="Unix 4.15.0.36" platform="Linux" cwd="/home/dominik/Projects/FisherSMPD/src/Fisher.Common.Tests" machine-name="lapek" user="dominik" user-domain="lapek" />
  <culture-info current-culture="en-US" current-uiculture="en-US" />
  <test-suite type="Assembly" name="Expecto.Tests" executed="True" result="Success" success="True" time="0.104" asserts="0">
    <results>
      <test-case name="Probability/getPossibleCombinations/Test combinations" executed="True" result="Success" success="True" time="0.020" asserts="0" />
      <test-case name="Fisher/S/sa" executed="True" result="Success" success="True" time="0.054" asserts="0" />
      <test-case name="Fisher/average vector/Test1" executed="True" result="Success" success="True" time="0.050" asserts="0" />
    </results>
  </test-suite>
</test-results>