<?xml version="1.0" encoding="utf-8"?>
<test-results date="2018-10-15" name="Expecto.Tests" total="2" errors="0" failures="1" ignored="0" not-run="0" inconclusive="0" skipped="0" invalid="0" time="15:37:06">
  <environment expecto-version="8.4.2" clr-version="4.0.30319.42000" os-version="Microsoft Windows NT 6.2.9200.0" platform="Linux" cwd="C:\Repositories\FisherSMPD\src\Fisher.Common.Tests" machine-name="DIT299" user="Dominik.Kotecki" user-domain="ROSSPOL" />
  <culture-info current-culture="pl-PL" current-uiculture="pl-PL" />
  <test-suite type="Assembly" name="Expecto.Tests" executed="True" result="Failure" success="False" time="0.413" asserts="0">
    <results>
      <test-case name="Fisher/S/sa" executed="True" result="Failure" success="False" time="0.214" asserts="0">
        <failure>
          <message>
.
        Expected value was:
        [0] [|2.0; 2.0|]
	[1] [|2.0; 2.0|]
        Actual value (may be incomplete) was:
        [0] [|1.0; 1.0|]
	[1] [|1.0; 1.0|]
        Sequence does not match at position 0. Expected item: [|2.0; 2.0|], but got [|1.0; 1.0|].
  C:\Users\Anthony Lloyd\src\expecto\Expecto\Expect.fs(526,1): Expecto.Expect.sequenceEqual@526.Invoke(String x)
</message>
        </failure>
      </test-case>
      <test-case name="Fisher/average vector/Test1" executed="True" result="Success" success="True" time="0.083" asserts="0" />
    </results>
  </test-suite>
</test-results>