<?xml version="1.0" encoding="utf-8"?>
<test-results date="2018-10-15" name="Expecto.Tests" total="3" errors="0" failures="1" ignored="0" not-run="0" inconclusive="0" skipped="0" invalid="0" time="22:39:18">
  <environment expecto-version="8.4.2" clr-version="4.0.30319.42000" os-version="Unix 4.15.0.36" platform="Linux" cwd="/home/dominik/Projects/FisherSMPD/src/Fisher.Common.Tests" machine-name="lapek" user="dominik" user-domain="lapek" />
  <culture-info current-culture="en-US" current-uiculture="en-US" />
  <test-suite type="Assembly" name="Expecto.Tests" executed="True" result="Failure" success="False" time="0.226" asserts="0">
    <results>
      <test-case name="Probability/getPossibleCombinations/Test combinations" executed="True" result="Failure" success="False" time="0.123" asserts="0">
        <failure>
          <message>
.
        Expected value was:
        [0] [0; 1]
	[1] [0; 2]
	[2] [0; 3]
	[3] [1; 2]
	[4] [1; 3]
	[5] [2; 3]
        Actual value (may be incomplete) was:
        [0] [1; 2]
        Sequence does not match at position 0. Expected item: [0; 1], but got [1; 2].
  C:\Users\Anthony Lloyd\src\expecto\Expecto\Expect.fs(526,1): Expecto.Expect.sequenceEqual@526.Invoke(String x)
</message>
        </failure>
      </test-case>
      <test-case name="Fisher/S/sa" executed="True" result="Success" success="True" time="0.053" asserts="0" />
      <test-case name="Fisher/average vector/Test1" executed="True" result="Success" success="True" time="0.050" asserts="0" />
    </results>
  </test-suite>
</test-results>